[init] removed matches_3of3.csv: /Users/lanin/Development/autobet/matches_3of3.csv
[init] removed live_3of3.csv: /Users/lanin/Development/autobet/live_3of3.csv
[init] created header at /Users/lanin/Development/autobet/matches_3of3.csv
[init] created header at /Users/lanin/Development/autobet/live_3of3.csv
Проверяю авторизацию...
[LIVE] Найдено страниц статистики после фильтра: 31
[saved] Евгений Мороз vs Виталий Магер (https://tennis-score.pro/stats/?lp=Виталий Магер&rp=Евгений Мороз)
[saved] Сергей Клюкин vs Александр Пехтерев (https://tennis-score.pro/stats/?lp=Александр Пехтерев&rp=Сергей Клюкин)
[saved] Арарат Петросян vs Араик Фириан (https://tennis-score.pro/stats/?lp=Арарат Петросян&rp=Араик Фириан)
[skip] Нет условий (GO/3/3/2/3) или не найден фав/опп: https://tennis-score.pro/stats/?lp=Яхим Захарда&rp=Петр Ванек
[saved] Никита Ивановский vs Алексей Иванов (https://tennis-score.pro/stats/?lp=Алексей Иванов&rp=Никита Ивановский)
[saved] Якуб Кисельт vs Лукас Земан (https://tennis-score.pro/stats/?lp=Лукас Земан&rp=Якуб Кисельт)
[skip] Нет условий (GO/3/3/2/3) или не найден фав/опп: https://tennis-score.pro/stats/?lp=Ксин Ксу&rp=Канак Джа
[saved] Дмитрий Акулич vs Александр Свидерский (https://tennis-score.pro/stats/?lp=Александр Свидерский&rp=Дмитрий Акулич)
[saved] Нгуен Ба Хоанг Тай vs Ян Стеффан (https://tennis-score.pro/stats/?lp=Ян Стеффан&rp=Нгуен Ба Хоанг Тай)
[skip] Нет условий (GO/3/3/2/3) или не найден фав/опп: https://tennis-score.pro/stats/?lp=Валерия Беловол&rp=Виктория Бредихина
[saved] Евгений Елизаров vs Ихтиёр Мухаммаджонов (https://tennis-score.pro/stats/?lp=Ихтиёр Мухаммаджонов&rp=Евгений Елизаров)
[saved] Артем Цицельский vs Михаил Резников (https://tennis-score.pro/stats/?lp=Артем Цицельский&rp=Михаил Резников)
[saved] Даниэль Лопера Санта vs Иван Перес Мартин (https://tennis-score.pro/stats/?lp=Иван Перес Мартин&rp=Даниэль Лопера Санта)
[skip] Нет условий (GO/3/3/2/3) или не найден фав/опп: https://tennis-score.pro/stats/?lp=Роман Зуборев&rp=Артём Логвинов
[skip] Нет условий (GO/3/3/2/3) или не найден фав/опп: https://tennis-score.pro/stats/?lp=Максим Унгурян&rp=Юрий Ковик
[saved] Максим Кадулин vs Геннадий Шипицын (https://tennis-score.pro/stats/?lp=Геннадий Шипицын&rp=Максим Кадулин)
[saved] Петр Насталек vs Мариуш Барщ (https://tennis-score.pro/stats/?lp=Мариуш Барщ&rp=Петр Насталек)
[saved] Марек Костал vs Ярослав Брески (https://tennis-score.pro/stats/?lp=Ярослав Брески&rp=Марек Костал)
[saved] Александр Кулагин vs Евгений Торопов (https://tennis-score.pro/stats/?lp=Александр Кулагин&rp=Евгений Торопов)
[skip] Нет условий (GO/3/3/2/3) или не найден фав/опп: https://tennis-score.pro/stats/?lp=Сергей Акулич&rp=Егор Власенко
[skip] Нет условий (GO/3/3/2/3) или не найден фав/опп: https://tennis-score.pro/stats/?lp=Ян Фрамберк&rp=Ярослав Шпронгл
[skip] Нет условий (GO/3/3/2/3) или не найден фав/опп: https://tennis-score.pro/stats/?lp=Харутюн Харутюнян&rp=Авет Василян
[skip] Нет условий (GO/3/3/2/3) или не найден фав/опп: https://tennis-score.pro/stats/?lp=Ма Лонг&rp=Квадри Аруна
[saved] Артем Чепурной vs Андрей Черменский (https://tennis-score.pro/stats/?lp=Андрей Черменский&rp=Артем Чепурной)
[saved] Мирослав Лобода vs Владимир Коробко (https://tennis-score.pro/stats/?lp=Владимир Коробко&rp=Мирослав Лобода)
[skip] Нет условий (GO/3/3/2/3) или не найден фав/опп: https://tennis-score.pro/stats/?lp=Томаш Витковский&rp=Павел Домагала
[skip] Нет условий (GO/3/3/2/3) или не найден фав/опп: https://tennis-score.pro/stats/?lp=Хоакин Агирре&rp=Лукас Гарсия
[skip] Нет условий (GO/3/3/2/3) или не найден фав/опп: https://tennis-score.pro/stats/?lp=Вадим Бурученко&rp=Антон Маренко
[skip] Нет условий (GO/3/3/2/3) или не найден фав/опп: https://tennis-score.pro/stats/?lp=Алишер Каримжанов&rp=Артём Сурин
[skip] Нет условий (GO/3/3/2/3) или не найден фав/опп: https://tennis-score.pro/stats/?lp=Павел Галецкий&rp=Матеуш Репке
[skip] Нет условий (GO/3/3/2/3) или не найден фав/опп: https://tennis-score.pro/stats/?lp=Роман Ситников&rp=Никита Мареев
Итог: собрано ссылок=31, открыто=31, сохранено=16, пропущено как processed=0
[bg] Запуск фонового сканирования: 30 мин, шаг 60 сек
[console:info] AUTO:bg tick
[LIVE] Найдено страниц статистики после фильтра: 30
[skip] Нет условий (GO/3/3/2/3) или не найден фав/опп: https://tennis-score.pro/stats/?lp=Яхим Захарда&rp=Петр Ванек
[skip] Нет условий (GO/3/3/2/3) или не найден фав/опп: https://tennis-score.pro/stats/?lp=Ксин Ксу&rp=Канак Джа
[skip] Нет условий (GO/3/3/2/3) или не найден фав/опп: https://tennis-score.pro/stats/?lp=Валерия Беловол&rp=Виктория Бредихина
[skip] Нет условий (GO/3/3/2/3) или не найден фав/опп: https://tennis-score.pro/stats/?lp=Роман Зуборев&rp=Артём Логвинов
[skip] Нет условий (GO/3/3/2/3) или не найден фав/опп: https://tennis-score.pro/stats/?lp=Максим Унгурян&rp=Юрий Ковик
[skip] Нет условий (GO/3/3/2/3) или не найден фав/опп: https://tennis-score.pro/stats/?lp=Сергей Акулич&rp=Егор Власенко
[skip] Нет условий (GO/3/3/2/3) или не найден фав/опп: https://tennis-score.pro/stats/?lp=Ян Фрамберк&rp=Ярослав Шпронгл
[skip] Нет условий (GO/3/3/2/3) или не найден фав/опп: https://tennis-score.pro/stats/?lp=Харутюн Харутюнян&rp=Авет Василян
[skip] Нет условий (GO/3/3/2/3) или не найден фав/опп: https://tennis-score.pro/stats/?lp=Ма Лонг&rp=Квадри Аруна
[skip] Нет условий (GO/3/3/2/3) или не найден фав/опп: https://tennis-score.pro/stats/?lp=Хоакин Агирре&rp=Лукас Гарсия
[skip] Нет условий (GO/3/3/2/3) или не найден фав/опп: https://tennis-score.pro/stats/?lp=Вадим Бурученко&rp=Антон Маренко
[skip] Нет условий (GO/3/3/2/3) или не найден фав/опп: https://tennis-score.pro/stats/?lp=Алишер Каримжанов&rp=Артём Сурин
[skip] Нет условий (GO/3/3/2/3) или не найден фав/опп: https://tennis-score.pro/stats/?lp=Павел Галецкий&rp=Матеуш Репке
[skip] Нет условий (GO/3/3/2/3) или не найден фав/опп: https://tennis-score.pro/stats/?lp=Роман Ситников&rp=Никита Мареев
Итог: собрано ссылок=30, открыто=14, сохранено=0, пропущено как processed=16
[console:info] AUTO:bg tick
[LIVE] Найдено страниц статистики после фильтра: 30
[skip] Нет условий (GO/3/3/2/3) или не найден фав/опп: https://tennis-score.pro/stats/?lp=Яхим Захарда&rp=Петр Ванек
[skip] Нет условий (GO/3/3/2/3) или не найден фав/опп: https://tennis-score.pro/stats/?lp=Ксин Ксу&rp=Канак Джа
[skip] Нет условий (GO/3/3/2/3) или не найден фав/опп: https://tennis-score.pro/stats/?lp=Валерия Беловол&rp=Виктория Бредихина
[skip] Нет условий (GO/3/3/2/3) или не найден фав/опп: https://tennis-score.pro/stats/?lp=Роман Зуборев&rp=Артём Логвинов
[skip] Нет условий (GO/3/3/2/3) или не найден фав/опп: https://tennis-score.pro/stats/?lp=Максим Унгурян&rp=Юрий Ковик
[saved] Иван Карпов vs Артём Сурин (https://tennis-score.pro/stats/?lp=Артём Сурин&rp=Иван Карпов)
[skip] Нет условий (GO/3/3/2/3) или не найден фав/опп: https://tennis-score.pro/stats/?lp=Ярослав Степанчук&rp=Александр Маслов
[skip] Нет условий (GO/3/3/2/3) или не найден фав/опп: https://tennis-score.pro/stats/?lp=Сергей Акулич&rp=Егор Власенко
[skip] Нет условий (GO/3/3/2/3) или не найден фав/опп: https://tennis-score.pro/stats/?lp=Ян Фрамберк&rp=Ярослав Шпронгл
[skip] Нет условий (GO/3/3/2/3) или не найден фав/опп: https://tennis-score.pro/stats/?lp=Ма Лонг&rp=Квадри Аруна
[skip] Нет условий (GO/3/3/2/3) или не найден фав/опп: https://tennis-score.pro/stats/?lp=Хоакин Агирре&rp=Лукас Гарсия
[skip] Нет условий (GO/3/3/2/3) или не найден фав/опп: https://tennis-score.pro/stats/?lp=Вадим Бурученко&rp=Антон Маренко
[skip] Нет условий (GO/3/3/2/3) или не найден фав/опп: https://tennis-score.pro/stats/?lp=Павел Галецкий&rp=Матеуш Репке
[skip] Нет условий (GO/3/3/2/3) или не найден фав/опп: https://tennis-score.pro/stats/?lp=Роман Ситников&rp=Никита Мареев
Итог: собрано ссылок=30, открыто=14, сохранено=1, пропущено как processed=16
[bg] ошибка цикла: Page.wait_for_timeout: Target page, context or browser has been closed
[bg] ошибка цикла: Page.wait_for_timeout: Target page, context or browser has been closed
[bg] ошибка цикла: Page.wait_for_timeout: Target page, context or browser has been closed
[bg] ошибка цикла: Page.wait_for_timeout: Target page, context or browser has been closed
[bg] ошибка цикла: Page.wait_for_timeout: Target page, context or browser has been closed
[bg] ошибка цикла: Page.wait_for_timeout: Target page, context or browser has been closed
[bg] ошибка цикла: Page.wait_for_timeout: Target page, context or browser has been closed
[bg] ошибка цикла: Page.wait_for_timeout: Target page, context or browser has been closed
[bg] ошибка цикла: Page.wait_for_timeout: Target page, context or browser has been closed
[bg] ошибка цикла: Page.wait_for_timeout: Target page, context or browser has been closed
[bg] ошибка цикла: Page.wait_for_timeout: Target page, context or browser has been closed
[bg] ошибка цикла: Page.wait_for_timeout: Target page, context or browser has been closed
[bg] ошибка цикла: Page.wait_for_timeout: Target page, context or browser has been closed
[bg] ошибка цикла: Page.wait_for_timeout: Target page, context or browser has been closed
[bg] ошибка цикла: Page.wait_for_timeout: Target page, context or browser has been closed
[bg] ошибка цикла: Page.wait_for_timeout: Target page, context or browser has been closed
[bg] ошибка цикла: Page.wait_for_timeout: Target page, context or browser has been closed
[bg] ошибка цикла: Page.wait_for_timeout: Target page, context or browser has been closed
[bg] ошибка цикла: Page.wait_for_timeout: Target page, context or browser has been closed
[bg] ошибка цикла: Page.wait_for_timeout: Target page, context or browser has been closed
[bg] ошибка цикла: Page.wait_for_timeout: Target page, context or browser has been closed
[bg] ошибка цикла: Page.wait_for_timeout: Target page, context or browser has been closed
[bg] ошибка цикла: Page.wait_for_timeout: Target page, context or browser has been closed
[bg] ошибка цикла: Page.wait_for_timeout: Target page, context or browser has been closed
[bg] ошибка цикла: Page.wait_for_timeout: Target page, context or browser has been closed
[bg] ошибка цикла: Page.wait_for_timeout: Target page, context or browser has been closed
[bg] Завершение фонового сканирования
